[2026-05-29 19:38:48] INFO     api.app — Chargement des artefacts ML...
[2026-05-29 19:38:50] INFO     src.predict — Artefacts chargés — 71 features
[2026-05-29 19:38:50] INFO     api.app — ✅ Modèle chargé — API prête
[2026-05-29 19:38:50] INFO     api.routes — GET /health
[2026-05-29 19:38:50] ERROR    api.routes — POST /predict ERROR : 'readmitted'
[2026-05-29 19:38:51] INFO     api.routes — GET /model-info
[2026-05-29 19:38:51] ERROR    api.routes — POST /predict ERROR : 'readmitted'
[2026-05-29 19:38:51] INFO     api.app — Arrêt de l'API
[2026-05-29 19:41:12] INFO     api.app — Chargement des artefacts ML...
[2026-05-29 19:41:14] INFO     src.predict — Artefacts chargés — 71 features
[2026-05-29 19:41:14] INFO     api.app — ✅ Modèle chargé — API prête
[2026-05-29 19:41:14] INFO     api.routes — GET /health
[2026-05-29 19:41:14] ERROR    api.routes — POST /predict ERROR : 'readmitted'
[2026-05-29 19:41:15] INFO     api.routes — GET /model-info
[2026-05-29 19:41:15] ERROR    api.routes — POST /predict ERROR : 'readmitted'
[2026-05-29 19:41:16] INFO     api.app — Arrêt de l'API
[2026-05-29 19:59:22] INFO     api.app — Chargement des artefacts ML...
[2026-05-29 19:59:23] INFO     src.predict — Artefacts chargés — 71 features
[2026-05-29 19:59:23] INFO     api.app — ✅ Modèle chargé — API prête
[2026-05-29 19:59:23] INFO     api.routes — GET /health
[2026-05-29 19:59:23] ERROR    api.routes — POST /predict ERROR : 'readmitted'
[2026-05-29 19:59:23] INFO     api.routes — GET /model-info
[2026-05-29 19:59:23] ERROR    api.routes — POST /predict ERROR : 'readmitted'
[2026-05-29 19:59:23] INFO     api.app — Arrêt de l'API
[2026-05-29 20:04:20] INFO     api.app — Chargement des artefacts ML...
[2026-05-29 20:04:21] INFO     src.predict — Artefacts chargés — 71 features
[2026-05-29 20:04:21] INFO     api.app — ✅ Modèle chargé — API prête
[2026-05-29 20:04:21] INFO     api.routes — GET /health
[2026-05-29 20:04:21] ERROR    api.routes — POST /predict ERROR : 'readmitted'
[2026-05-29 20:04:21] INFO     api.routes — GET /model-info
[2026-05-29 20:04:21] ERROR    api.routes — POST /predict ERROR : 'readmitted'
[2026-05-29 20:04:21] INFO     api.app — Arrêt de l'API
[2026-05-29 20:06:11] INFO     api.app — Chargement des artefacts ML...
[2026-05-29 20:06:13] INFO     src.predict — Artefacts chargés — 71 features
[2026-05-29 20:06:13] INFO     api.app — ✅ Modèle chargé — API prête
[2026-05-29 20:07:33] INFO     api.routes — GET /health
[2026-05-29 20:08:42] ERROR    api.routes — POST /predict ERROR : 'readmitted'
[2026-05-29 20:09:18] ERROR    api.routes — POST /predict ERROR : 'readmitted'
[2026-05-29 20:10:48] ERROR    api.routes — POST /predict ERROR : 'readmitted'
[2026-05-29 20:20:12] INFO     api.app — Chargement des artefacts ML...
[2026-05-29 20:20:14] INFO     src.predict — Artefacts chargés — 71 features
[2026-05-29 20:20:14] INFO     api.app — ✅ Modèle chargé — API prête
[2026-05-29 20:20:14] INFO     api.routes — GET /health
[2026-05-29 20:20:14] ERROR    api.routes — POST /predict ERROR : 'readmitted'
[2026-05-29 20:20:15] INFO     api.routes — GET /model-info
[2026-05-29 20:20:15] ERROR    api.routes — POST /predict ERROR : 'readmitted'
[2026-05-29 20:20:15] INFO     api.app — Arrêt de l'API
[2026-05-29 20:20:26] INFO     api.app — Chargement des artefacts ML...
[2026-05-29 20:20:27] INFO     src.predict — Artefacts chargés — 71 features
[2026-05-29 20:20:27] INFO     api.app — ✅ Modèle chargé — API prête
[2026-05-29 20:20:27] INFO     api.routes — GET /health
[2026-05-29 20:20:27] ERROR    api.routes — POST /predict ERROR : 'readmitted'
[2026-05-29 20:20:28] INFO     api.routes — GET /model-info
[2026-05-29 20:20:28] ERROR    api.routes — POST /predict ERROR : 'readmitted'
[2026-05-29 20:20:28] INFO     api.app — Arrêt de l'API
[2026-05-29 20:20:51] INFO     api.app — Chargement des artefacts ML...
[2026-05-29 20:20:52] INFO     src.predict — Artefacts chargés — 71 features
[2026-05-29 20:20:52] INFO     api.app — ✅ Modèle chargé — API prête
[2026-05-29 20:20:52] INFO     api.routes — GET /health
[2026-05-29 20:20:52] ERROR    api.routes — POST /predict ERROR : 'readmitted'
[2026-05-29 20:20:53] INFO     api.routes — GET /model-info
[2026-05-29 20:20:53] ERROR    api.routes — POST /predict ERROR : 'readmitted'
[2026-05-29 20:20:53] INFO     api.app — Arrêt de l'API
[2026-05-29 20:29:04] INFO     api.app — Chargement des artefacts ML...
[2026-05-29 20:29:06] INFO     src.predict — Artefacts chargés — 71 features
[2026-05-29 20:29:06] INFO     api.app — ✅ Modèle chargé — API prête
[2026-05-29 20:29:06] INFO     api.routes — GET /health
[2026-05-29 20:29:06] INFO     src.predict — Prédiction : Réadmission probable (<30j) | proba=0.537
[2026-05-29 20:29:06] INFO     api.routes — POST /predict | pred=1 proba=0.537 risk=Élevé | 0.263s
[2026-05-29 20:29:06] INFO     api.routes — GET /model-info
[2026-05-29 20:29:06] INFO     src.predict — Prédiction : Réadmission probable (<30j) | proba=0.537
[2026-05-29 20:29:06] INFO     api.routes — POST /predict | pred=1 proba=0.537 risk=Élevé | 0.284s
[2026-05-29 20:29:06] INFO     src.predict — Prédiction : Réadmission probable (<30j) | proba=0.537
[2026-05-29 20:29:06] INFO     api.routes — POST /predict | pred=1 proba=0.537 risk=Élevé | 0.237s
[2026-05-29 20:29:06] INFO     api.app — Arrêt de l'API
[2026-05-29 20:30:43] INFO     api.app — Arrêt de l'API
[2026-05-29 20:30:51] INFO     api.app — Chargement des artefacts ML...
[2026-05-29 20:30:52] INFO     src.predict — Artefacts chargés — 71 features
[2026-05-29 20:30:52] INFO     api.app — ✅ Modèle chargé — API prête
[2026-05-29 20:31:08] INFO     src.predict — Prédiction : Réadmission probable (<30j) | proba=0.569
[2026-05-29 20:31:08] INFO     api.routes — POST /predict | pred=1 proba=0.569 risk=Élevé | 0.252s
[2026-05-29 20:32:53] INFO     api.app — Arrêt de l'API
[2026-05-29 20:33:01] INFO     api.app — Chargement des artefacts ML...
[2026-05-29 20:33:03] INFO     src.predict — Artefacts chargés — 71 features
[2026-05-29 20:33:03] INFO     api.app — ✅ Modèle chargé — API prête
[2026-05-29 20:33:41] INFO     api.routes — GET /health
[2026-05-29 20:33:43] INFO     api.routes — GET /model-info
[2026-05-29 20:34:01] INFO     api.routes — GET /health
[2026-05-29 20:34:02] INFO     api.routes — GET /health
[2026-05-29 20:34:04] INFO     api.routes — GET /model-info
[2026-05-29 20:34:18] INFO     api.routes — GET /health
[2026-05-29 20:34:20] INFO     api.routes — GET /model-info
[2026-05-29 20:34:23] INFO     src.predict — Prédiction : Réadmission probable (<30j) | proba=0.575
[2026-05-29 20:34:23] INFO     api.routes — POST /predict | pred=1 proba=0.575 risk=Élevé | 0.333s
[2026-06-02 14:27:20] INFO     api.app — Chargement des artefacts ML...
[2026-06-02 14:27:21] INFO     src.predict — Artefacts chargés — 71 features
[2026-06-02 14:27:21] INFO     api.app — ✅ Modèle chargé — API prête
[2026-06-02 14:32:40] INFO     src.predict — Prédiction : Réadmission probable (<30j) | proba=0.569
[2026-06-02 14:32:40] INFO     api.routes — POST /predict | pred=1 proba=0.569 risk=Élevé | 0.277s
[2026-06-02 14:37:52] INFO     api.app — Arrêt de l'API
[2026-06-02 14:39:53] INFO     api.app — Chargement des artefacts ML...
[2026-06-02 14:39:55] INFO     src.predict — Artefacts chargés — 71 features
[2026-06-02 14:39:55] INFO     api.app — ✅ Modèle chargé — API prête
[2026-06-02 14:47:27] INFO     src.predict — Prédiction : Réadmission probable (<30j) | proba=0.569
[2026-06-02 14:47:27] INFO     api.routes — POST /predict | pred=1 proba=0.569 risk=Élevé | 0.296s
[2026-06-02 14:58:38] INFO     api.app — Chargement des artefacts ML...
[2026-06-02 14:58:39] INFO     src.predict — Artefacts chargés — 71 features
[2026-06-02 14:58:39] INFO     api.app — ✅ Modèle chargé — API prête
[2026-06-02 15:02:09] INFO     src.predict — Prédiction : Réadmission probable (<30j) | proba=0.569
[2026-06-02 15:02:09] INFO     api.routes — POST /predict | pred=1 proba=0.569 risk=Élevé | 0.123s
[2026-06-02 15:03:11] INFO     api.routes — GET /health
[2026-06-02 15:03:13] INFO     api.routes — GET /model-info
[2026-06-02 15:03:52] INFO     api.routes — GET /health
[2026-06-02 15:03:54] INFO     api.routes — GET /model-info
[2026-06-02 15:04:00] INFO     api.routes — GET /health
[2026-06-02 15:04:02] INFO     api.routes — GET /model-info
[2026-06-02 15:04:14] INFO     api.routes — GET /health
[2026-06-02 15:04:16] INFO     api.routes — GET /model-info
[2026-06-02 15:04:19] INFO     api.routes — GET /health
[2026-06-02 15:04:21] INFO     api.routes — GET /model-info
[2026-06-02 15:04:28] INFO     api.routes — GET /health
[2026-06-02 15:04:30] INFO     api.routes — GET /model-info
[2026-06-02 15:04:31] INFO     api.routes — GET /health
[2026-06-02 15:04:33] INFO     api.routes — GET /model-info
[2026-06-02 15:04:38] INFO     api.routes — GET /health
[2026-06-02 15:04:40] INFO     api.routes — GET /health
[2026-06-02 15:04:42] INFO     api.routes — GET /model-info
[2026-06-02 15:04:42] INFO     api.routes — GET /health
[2026-06-02 15:04:43] INFO     api.routes — GET /health
[2026-06-02 15:04:45] INFO     api.routes — GET /model-info
[2026-06-02 15:04:46] INFO     api.routes — GET /health
[2026-06-02 15:04:48] INFO     api.routes — GET /health
[2026-06-02 15:04:50] INFO     api.routes — GET /model-info
[2026-06-02 15:04:59] INFO     api.routes — GET /health
[2026-06-02 15:05:01] INFO     api.routes — GET /model-info
[2026-06-02 15:05:06] INFO     api.routes — GET /health
[2026-06-02 15:05:07] INFO     api.routes — GET /health
[2026-06-02 15:05:07] INFO     api.routes — GET /health
[2026-06-02 15:05:07] INFO     api.routes — GET /health
[2026-06-02 15:05:07] INFO     api.routes — GET /health
[2026-06-02 15:05:07] INFO     api.routes — GET /health
[2026-06-02 15:05:08] INFO     api.routes — GET /health
[2026-06-02 15:05:10] INFO     api.routes — GET /model-info
[2026-06-02 15:05:16] INFO     api.routes — GET /health
[2026-06-02 15:05:18] INFO     api.routes — GET /model-info
[2026-06-02 15:05:24] INFO     api.routes — GET /health
[2026-06-02 15:05:25] INFO     api.routes — GET /health
[2026-06-02 15:05:27] INFO     api.routes — GET /model-info
[2026-06-02 15:05:37] INFO     api.routes — GET /health
[2026-06-02 15:05:39] INFO     api.routes — GET /model-info
[2026-06-02 15:05:41] INFO     src.predict — Prédiction : Réadmission probable (<30j) | proba=0.755
[2026-06-02 15:05:41] INFO     api.routes — POST /predict | pred=1 proba=0.755 risk=Élevé | 0.162s
[2026-06-02 15:50:11] INFO     api.app — Chargement des artefacts ML...
[2026-06-02 15:50:13] INFO     src.predict — Artefacts chargés — 71 features
[2026-06-02 15:50:13] INFO     api.app — ✅ Modèle chargé — API prête
[2026-06-02 16:12:15] INFO     api.routes — GET /health
[2026-06-02 16:12:17] INFO     api.routes — GET /model-info
[2026-06-02 16:12:23] INFO     api.routes — GET /health
[2026-06-02 16:12:25] INFO     api.routes — GET /model-info
[2026-06-02 16:12:28] INFO     src.predict — Prédiction : Réadmission probable (<30j) | proba=0.571
[2026-06-02 16:12:28] INFO     api.routes — POST /predict | pred=1 proba=0.571 risk=Élevé | 0.26s
[2026-06-02 16:17:46] INFO     api.app — Chargement des artefacts ML...
[2026-06-02 16:17:47] INFO     src.predict — Artefacts chargés — 71 features
[2026-06-02 16:17:47] INFO     api.app — ✅ Modèle chargé — API prête
[2026-06-02 16:17:47] INFO     api.routes — GET /health
[2026-06-02 16:17:47] INFO     src.predict — Prédiction : Réadmission probable (<30j) | proba=0.537
[2026-06-02 16:17:47] INFO     api.routes — POST /predict | pred=1 proba=0.537 risk=Élevé | 0.148s
[2026-06-02 16:17:47] INFO     api.routes — GET /model-info
[2026-06-02 16:17:47] INFO     src.predict — Prédiction : Réadmission probable (<30j) | proba=0.537
[2026-06-02 16:17:47] INFO     api.routes — POST /predict | pred=1 proba=0.537 risk=Élevé | 0.158s
[2026-06-02 16:17:47] INFO     src.predict — Prédiction : Réadmission probable (<30j) | proba=0.537
[2026-06-02 16:17:47] INFO     api.routes — POST /predict | pred=1 proba=0.537 risk=Élevé | 0.152s
[2026-06-02 16:17:47] INFO     api.app — Arrêt de l'API
[2026-06-02 16:19:02] INFO     api.app — Chargement des artefacts ML...
[2026-06-02 16:19:03] INFO     src.predict — Artefacts chargés — 71 features
[2026-06-02 16:19:03] INFO     api.app — ✅ Modèle chargé — API prête
[2026-06-02 16:19:03] INFO     api.routes — GET /health
[2026-06-02 16:19:03] INFO     src.predict — Prédiction : Réadmission probable (<30j) | proba=0.537
[2026-06-02 16:19:03] INFO     api.routes — POST /predict | pred=1 proba=0.537 risk=Élevé | 0.136s
[2026-06-02 16:19:03] INFO     api.routes — GET /model-info
[2026-06-02 16:19:03] INFO     src.predict — Prédiction : Réadmission probable (<30j) | proba=0.537
[2026-06-02 16:19:03] INFO     api.routes — POST /predict | pred=1 proba=0.537 risk=Élevé | 0.139s
[2026-06-02 16:19:03] INFO     src.predict — Prédiction : Réadmission probable (<30j) | proba=0.537
[2026-06-02 16:19:03] INFO     api.routes — POST /predict | pred=1 proba=0.537 risk=Élevé | 0.156s
[2026-06-02 16:19:03] INFO     api.app — Arrêt de l'API
[2026-06-02 16:21:49] INFO     api.app — Arrêt de l'API
[2026-06-02 16:21:54] INFO     api.app — Chargement des artefacts ML...
[2026-06-02 16:21:55] INFO     src.predict — Artefacts chargés — 71 features
[2026-06-02 16:21:55] INFO     api.app — ✅ Modèle chargé — API prête
[2026-06-02 16:21:59] INFO     api.app — Chargement des artefacts ML...
[2026-06-02 16:22:00] INFO     src.predict — Artefacts chargés — 71 features
[2026-06-02 16:22:00] INFO     api.app — ✅ Modèle chargé — API prête
[2026-06-02 16:22:27] INFO     api.app — Arrêt de l'API
[2026-06-02 16:22:30] INFO     api.app — Chargement des artefacts ML...
[2026-06-02 16:22:32] INFO     src.predict — Artefacts chargés — 71 features
[2026-06-02 16:22:32] INFO     api.app — ✅ Modèle chargé — API prête
[2026-06-02 16:24:30] INFO     api.app — Chargement des artefacts ML...
[2026-06-02 16:24:31] INFO     src.predict — Artefacts chargés — 71 features
[2026-06-02 16:24:31] INFO     api.app — ✅ Modèle chargé — API prête
[2026-06-02 16:24:31] INFO     api.routes — GET /health
[2026-06-02 16:24:31] INFO     src.predict — Prédiction : Réadmission probable (<30j) | proba=0.537
[2026-06-02 16:24:31] INFO     api.routes — POST /predict | pred=1 proba=0.537 risk=Élevé | 0.155s
[2026-06-02 16:24:31] INFO     api.routes — GET /model-info
[2026-06-02 16:24:31] INFO     src.predict — Prédiction : Réadmission probable (<30j) | proba=0.537
[2026-06-02 16:24:31] INFO     api.routes — POST /predict | pred=1 proba=0.537 risk=Élevé | 0.141s
[2026-06-02 16:24:31] INFO     src.predict — Prédiction : Réadmission probable (<30j) | proba=0.537
[2026-06-02 16:24:31] INFO     api.routes — POST /predict | pred=1 proba=0.537 risk=Élevé | 0.144s
[2026-06-02 16:24:31] INFO     api.app — Arrêt de l'API
[2026-06-02 20:58:35] INFO     api.routes — GET /health
[2026-06-02 20:58:37] INFO     api.routes — GET /model-info
[2026-06-02 20:58:53] INFO     api.routes — GET /health
[2026-06-02 20:58:55] INFO     api.routes — GET /model-info
[2026-06-02 20:59:03] INFO     api.routes — GET /health
[2026-06-02 20:59:05] INFO     api.routes — GET /model-info
[2026-06-02 20:59:07] INFO     src.predict — Prédiction : Réadmission probable (<30j) | proba=0.624
[2026-06-02 20:59:07] INFO     api.routes — POST /predict | pred=1 proba=0.624 risk=Élevé | 0.358s
[2026-06-03 14:00:10] INFO     api.app — Arrêt de l'API
[2026-06-03 14:00:23] INFO     api.app — Chargement des artefacts ML...
[2026-06-03 14:00:26] INFO     src.predict — Artefacts chargés — 71 features
[2026-06-03 14:00:26] INFO     api.app — ✅ Modèle chargé — API prête
[2026-06-03 14:26:18] INFO     api.routes — GET /health
[2026-06-03 14:26:20] INFO     api.routes — GET /model-info
[2026-06-03 14:34:37] INFO     api.app — Chargement des artefacts ML...
[2026-06-03 14:34:39] INFO     src.predict — Artefacts chargés — 71 features
[2026-06-03 14:34:39] INFO     api.app — ✅ Modèle chargé — API prête
[2026-06-03 14:34:39] INFO     api.routes — GET /health
[2026-06-03 14:34:39] INFO     src.predict — Prédiction : Réadmission probable (<30j) | proba=0.537
[2026-06-03 14:34:39] INFO     api.routes — POST /predict | pred=1 proba=0.537 risk=Élevé | 0.2s
[2026-06-03 14:34:39] INFO     api.routes — GET /model-info
[2026-06-03 14:34:39] INFO     src.predict — Prédiction : Réadmission probable (<30j) | proba=0.537
[2026-06-03 14:34:39] INFO     api.routes — POST /predict | pred=1 proba=0.537 risk=Élevé | 0.154s
[2026-06-03 14:34:39] INFO     src.predict — Prédiction : Réadmission probable (<30j) | proba=0.537
[2026-06-03 14:34:39] INFO     api.routes — POST /predict | pred=1 proba=0.537 risk=Élevé | 0.154s
[2026-06-03 14:34:39] INFO     api.app — Arrêt de l'API
[2026-06-03 14:35:13] INFO     api.app — Arrêt de l'API
[2026-06-03 14:35:22] INFO     api.app — Chargement des artefacts ML...
[2026-06-03 14:35:25] INFO     src.predict — Artefacts chargés — 71 features
[2026-06-03 14:35:25] INFO     api.app — ✅ Modèle chargé — API prête
[2026-06-03 14:38:16] INFO     api.app — Chargement des artefacts ML...
[2026-06-03 14:38:18] INFO     src.predict — Artefacts chargés — 71 features
[2026-06-03 14:38:18] INFO     api.app — ✅ Modèle chargé — API prête
[2026-06-03 14:38:30] INFO     api.app — Arrêt de l'API
[2026-06-03 14:39:15] INFO     src.predict — Prédiction : Réadmission probable (<30j) | proba=0.569
[2026-06-03 14:39:15] INFO     api.routes — POST /predict | pred=1 proba=0.569 risk=Élevé | 0.183s
[2026-06-03 15:00:15] INFO     api.app — Arrêt de l'API
[2026-06-03 15:00:25] INFO     api.app — Chargement des artefacts ML...
